#
# There is insufficient memory for the Java Runtime Environment to continue.
# Native memory allocation (malloc) failed to allocate 1048576 bytes for AllocateHeap
# Possible reasons:
#   The system is out of physical RAM or swap space
#   In 32 bit mode, the process size limit was hit
# Possible solutions:
#   Reduce memory load on the system
#   Increase physical memory or swap space
#   Check if swap backing store is full
#   Use 64 bit Java on a 64 bit OS
#   Decrease Java heap size (-Xmx/-Xms)
#   Decrease number of Java threads
#   Decrease Java thread stack sizes (-Xss)
#   Set larger code cache with -XX:ReservedCodeCacheSize=
# This output file may be truncated or incomplete.
#
#  Out of Memory Error (memory/allocation.inline.hpp:61), pid=13204, tid=0x00000000000028dc
#
# JRE version:  (8.0_111-b14) (build )
# Java VM: Java HotSpot(TM) 64-Bit Server VM (25.111-b14 mixed mode windows-amd64 compressed oops)
# Failed to write core dump. Minidumps are not enabled by default on client versions of Windows
#

---------------  T H R E A D  ---------------

Current thread (0x0000000002d50800):  JavaThread "Unknown thread" [_thread_in_vm, id=10460, stack(0x0000000002c30000,0x0000000002d30000)]

Stack: [0x0000000002c30000,0x0000000002d30000]
[error occurred during error reporting (printing stack bounds), id 0xc0000005]

Native frames: (J=compiled Java code, j=interpreted, Vv=VM code, C=native code)


---------------  P R O C E S S  ---------------

Java Threads: ( => current thread )

Other Threads:

=>0x0000000002d50800 (exited) JavaThread "Unknown thread" [_thread_in_vm, id=10460, stack(0x0000000002c30000,0x0000000002d30000)]

VM state:not at safepoint (normal execution)

VM Mutex/Monitor currently owned by a thread: None

Heap:
 PSYoungGen      total 37888K, used 655K [0x00000000d6600000, 0x00000000d9000000, 0x0000000100000000)
  eden space 32768K, 2% used [0x00000000d6600000,0x00000000d66a3d80,0x00000000d8600000)
  from space 5120K, 0% used [0x00000000d8b00000,0x00000000d8b00000,0x00000000d9000000)
  to   space 5120K, 0% used [0x00000000d8600000,0x00000000d8600000,0x00000000d8b00000)
 ParOldGen       total 86016K, used 0K [0x0000000083200000, 0x0000000088600000, 0x00000000d6600000)
  object space 86016K, 0% used [0x0000000083200000,0x0000000083200000,0x0000000088600000)
 Metaspace       used 770K, capacity 4480K, committed 4480K, reserved 1056768K
  class space    used 75K, capacity 384K, committed 384K, reserved 1048576K

Card table byte_map: [0x0000000012210000,0x0000000012600000] byte_map_base: 0x0000000011df7000

Marking Bits: (ParMarkBitMap*) 0x0000000050aba6c0
 Begin Bits: [0x00000000132a0000, 0x00000000151d8000)
 End Bits:   [0x00000000151d8000, 0x0000000017110000)

Polling page: 0x0000000001340000

CodeCache: size=245760Kb used=328Kb max_used=328Kb free=245431Kb
 bounds [0x0000000002e50000, 0x00000000030c0000, 0x0000000011e50000]
 total_blobs=58 nmethods=0 adapters=38
 compilation: enabled

Compilation events (0 events):
No events

GC Heap History (0 events):
No events

Deoptimization events (0 events):
No events

Internal exceptions (0 events):
No events

Events (10 events):
Event: 0.063 loading class java/lang/Short
Event: 0.063 loading class java/lang/Short done
Event: 0.063 loading class java/lang/Integer
Event: 0.063 loading class java/lang/Integer done
Event: 0.063 loading class java/lang/Long
Event: 0.063 loading class java/lang/Long done
Event: 0.064 loading class java/lang/NullPointerException
Event: 0.064 loading class java/lang/NullPointerException done
Event: 0.064 loading class java/lang/ArithmeticException
Event: 0.064 loading class java/lang/ArithmeticException done


Dynamic libraries:
0x00007ff691fd0000 - 0x00007ff692007000 	C:\Program Files\Java\jdk1.8.0_111\bin\java.exe
0x00007ffcb63c0000 - 0x00007ffcb65c9000 	C:\WINDOWS\SYSTEM32\ntdll.dll
0x00007ffcb5140000 - 0x00007ffcb51fd000 	C:\WINDOWS\System32\KERNEL32.DLL
0x00007ffcb3a20000 - 0x00007ffcb3d99000 	C:\WINDOWS\System32\KERNELBASE.dll
0x00007ffcb5bc0000 - 0x00007ffcb5c6e000 	C:\WINDOWS\System32\ADVAPI32.dll
0x00007ffcb4470000 - 0x00007ffcb4513000 	C:\WINDOWS\System32\msvcrt.dll
0x00007ffcb5c70000 - 0x00007ffcb5d0e000 	C:\WINDOWS\System32\sechost.dll
0x00007ffcb4c40000 - 0x00007ffcb4d60000 	C:\WINDOWS\System32\RPCRT4.dll
0x00007ffcb6140000 - 0x00007ffcb62ec000 	C:\WINDOWS\System32\USER32.dll
0x00007ffcb4050000 - 0x00007ffcb4076000 	C:\WINDOWS\System32\win32u.dll
0x00007ffcb62f0000 - 0x00007ffcb6319000 	C:\WINDOWS\System32\GDI32.dll
0x00007ffcb3da0000 - 0x00007ffcb3eb2000 	C:\WINDOWS\System32\gdi32full.dll
0x00007ffcb41c0000 - 0x00007ffcb425d000 	C:\WINDOWS\System32\msvcp_win.dll
0x00007ffcb3f30000 - 0x00007ffcb4041000 	C:\WINDOWS\System32\ucrtbase.dll
0x00007ffc96000000 - 0x00007ffc962a5000 	C:\WINDOWS\WinSxS\amd64_microsoft.windows.common-controls_6595b64144ccf1df_6.0.22000.120_none_9d947278b86cc467\COMCTL32.dll
0x00007ffcb5d80000 - 0x00007ffcb5db1000 	C:\WINDOWS\System32\IMM32.DLL
0x00000000510d0000 - 0x00000000511a2000 	C:\Program Files\Java\jdk1.8.0_111\jre\bin\msvcr100.dll
0x00000000502a0000 - 0x0000000050b3a000 	C:\Program Files\Java\jdk1.8.0_111\jre\bin\server\jvm.dll
0x00007ffcb4450000 - 0x00007ffcb4458000 	C:\WINDOWS\System32\PSAPI.DLL
0x00007ffca9f50000 - 0x00007ffca9f5a000 	C:\WINDOWS\SYSTEM32\VERSION.dll
0x00007ffcaca90000 - 0x00007ffcacac3000 	C:\WINDOWS\SYSTEM32\WINMM.dll
0x00007ffc99fe0000 - 0x00007ffc99fe9000 	C:\WINDOWS\SYSTEM32\WSOCK32.dll
0x00007ffcb5d10000 - 0x00007ffcb5d7f000 	C:\WINDOWS\System32\WS2_32.dll
0x0000000051080000 - 0x000000005108f000 	C:\Program Files\Java\jdk1.8.0_111\jre\bin\verify.dll
0x0000000051050000 - 0x0000000051079000 	C:\Program Files\Java\jdk1.8.0_111\jre\bin\java.dll
0x0000000051030000 - 0x0000000051046000 	C:\Program Files\Java\jdk1.8.0_111\jre\bin\zip.dll

VM Arguments:
jvm_args: -Dfile.encoding=UTF-8 
java_command: bt18.Menu
java_class_path (initial): D:\Javapro192\BT18\build\classes
Launcher Type: SUN_STANDARD

Environment Variables:
PATH=C:\Program Files (x86)\VMware\VMware Workstation\bin\;C:\ProgramData\Oracle\Java\javapath;C:\Program Files\Common Files\Oracle\Java\javapath;C:\Windows\system32;C:\Windows;C:\Windows\System32\Wbem;C:\Windows\System32\WindowsPowerShell\v1.0\;C:\Windows\System32\OpenSSH\;C:\Program Files (x86)\NVIDIA Corporation\PhysX\Common;C:\WINDOWS\system32;C:\WINDOWS;C:\WINDOWS\System32\Wbem;C:\WINDOWS\System32\WindowsPowerShell\v1.0\;C:\WINDOWS\System32\OpenSSH\;C:\Users\lapto\AppData\Local\Microsoft\WindowsApps;
USERNAME=ADMIN
OS=Windows_NT
PROCESSOR_IDENTIFIER=Intel64 Family 6 Model 165 Stepping 2, GenuineIntel



---------------  S Y S T E M  ---------------

OS: Windows 10.0 , 64 bit Build 22000 (10.0.22000.675)

CPU:total 12 (6 cores per cpu, 2 threads per core) family 6 model 165 stepping 2, cmov, cx8, fxsr, mmx, sse, sse2, sse3, ssse3, sse4.1, sse4.2, popcnt, avx, avx2, aes, clmul, erms, 3dnowpref, lzcnt, ht, tsc, tscinvbit, bmi1, bmi2, adx

Memory: 4k page, physical 8177348k(241180k free), swap 33343172k(5116k free)

vm_info: Java HotSpot(TM) 64-Bit Server VM (25.111-b14) for windows-amd64 JRE (1.8.0_111-b14), built on Sep 22 2016 19:24:05 by "java_re" with MS VC++ 10.0 (VS2010)

time: Tue Jun 07 13:59:22 2022
elapsed time: 0 seconds (0d 0h 0m 0s)

